[debug] [2025-11-12T20:50:42.421Z] ----------------------------------------------------------------------
[debug] [2025-11-12T20:50:42.424Z] Command:       /Users/jiagarcia/.nvm/versions/node/v22.20.0/bin/node /Users/jiagarcia/.nvm/versions/node/v22.20.0/bin/firebase init
[debug] [2025-11-12T20:50:42.425Z] CLI Version:   14.24.2
[debug] [2025-11-12T20:50:42.425Z] Platform:      darwin
[debug] [2025-11-12T20:50:42.425Z] Node Version:  v22.20.0
[debug] [2025-11-12T20:50:42.425Z] Time:          Wed Nov 12 2025 12:50:42 GMT-0800 (Pacific Standard Time)
[debug] [2025-11-12T20:50:42.425Z] ----------------------------------------------------------------------
[debug] 
[debug] [2025-11-12T20:50:42.427Z] >>> [apiv2][query] GET https://firebase-public.firebaseio.com/cli.json [none]
[info] 
     ######## #### ########  ######## ########     ###     ######  ########
     ##        ##  ##     ## ##       ##     ##  ##   ##  ##       ##
     ######    ##  ########  ######   ########  #########  ######  ######
     ##        ##  ##    ##  ##       ##     ## ##     ##       ## ##
     ##       #### ##     ## ######## ########  ##     ##  ######  ########

You're about to initialize a Firebase project in this directory:

  /Users/jiagarcia/cmsi/cmsi2021-webapp/final-web-app-kouri

[debug] [2025-11-12T20:50:42.598Z] <<< [apiv2][status] GET https://firebase-public.firebaseio.com/cli.json 200
[debug] [2025-11-12T20:50:42.598Z] <<< [apiv2][body] GET https://firebase-public.firebaseio.com/cli.json {"cloudBuildErrorAfter":1594252800000,"cloudBuildWarnAfter":1590019200000,"defaultNode10After":1594252800000,"minVersion":"3.0.5","node8DeploysDisabledAfter":1613390400000,"node8RuntimeDisabledAfter":1615809600000,"node8WarnAfter":1600128000000}
[debug] [2025-11-12T20:51:01.771Z] ExitPromptError: User force closed the prompt with SIGINT
    at Interface.sigint (/Users/jiagarcia/.nvm/versions/node/v22.20.0/lib/node_modules/firebase-tools/node_modules/@inquirer/core/dist/commonjs/lib/create-prompt.js:101:37)
    at Interface.emit (node:events:519:28)
    at Interface.emit (node:domain:489:12)
    at [_ttyWrite] [as _ttyWrite] (node:internal/readline/interface:1128:18)
    at ReadStream.onkeypress (node:internal/readline/interface:271:20)
    at ReadStream.emit (node:events:531:35)
    at ReadStream.emit (node:domain:489:12)
    at emitKeys (node:internal/readline/utils:370:14)
    at emitKeys.next (<anonymous>)
    at ReadStream.onData (node:internal/readline/emitKeypressEvents:64:36)
[error] 
[error] Error: An unexpected error has occurred.
